Using pre-set license
Built from '2020.3/release' branch; Version is '2020.3.7f1 (dd97f2c94397) revision 14522354'; Using compiler version '192528614'; Build Type 'Release'
OS: 'Windows 10 Home; OS build 19041.985; Version 2004; 64bit' Language: 'nl' Physical Memory: 8013 MB
BatchMode: 1, IsHumanControllingUs: 0, StartBugReporterOnCrash: 0, Is64bit: 1, IsPro: 0

 COMMAND LINE ARGUMENTS:
D:\Unity\2020.3.7f1\Editor\Unity.exe
-adb2
-batchMode
-noUpm
-name
AssetImportWorker0
-projectPath
D:/Unity/AR Test/AR Plane Tracking
-logFile
Logs/AssetImportWorker0.log
-srvPort
50402
Successfully changed project path to: D:/Unity/AR Test/AR Plane Tracking
D:/Unity/AR Test/AR Plane Tracking
Using Asset Import Pipeline V2.
Refreshing native plugins compatible for Editor in 82.99 ms, found 0 plugins.
Preloading 0 native plugins for Editor in 0.00 ms.
Initialize engine version: 2020.3.7f1 (dd97f2c94397)
[Subsystems] Discovering subsystems at path D:/Unity/2020.3.7f1/Editor/Data/Resources/UnitySubsystems
[Subsystems] Discovering subsystems at path D:/Unity/AR Test/AR Plane Tracking/Assets
GfxDevice: creating device client; threaded=0
Direct3D:
    Version:  Direct3D 11.0 [level 11.1]
    Renderer: Intel(R) UHD Graphics (ID=0x9bc4)
    Vendor:   
    VRAM:     4006 MB
    Driver:   27.20.100.8190
Initialize mono
Mono path[0] = 'D:/Unity/2020.3.7f1/Editor/Data/Managed'
Mono path[1] = 'D:/Unity/2020.3.7f1/Editor/Data/MonoBleedingEdge/lib/mono/unityjit'
Mono config path = 'D:/Unity/2020.3.7f1/Editor/Data/MonoBleedingEdge/etc'
Using monoOptions --debugger-agent=transport=dt_socket,embedding=1,server=y,suspend=n,address=127.0.0.1:56196
Begin MonoManager ReloadAssembly
Registering precompiled unity dll's ...
Register platform support module: D:/Unity/2020.3.7f1/Editor/Data/PlaybackEngines/WebGLSupport/UnityEditor.WebGL.Extensions.dll
Register platform support module: D:/Unity/2020.3.7f1/Editor/Data/PlaybackEngines/WindowsStandaloneSupport/UnityEditor.WindowsStandalone.Extensions.dll
Registered in 0.006731 seconds.
Native extension for WindowsStandalone target not found
Native extension for WebGL target not found
Refreshing native plugins compatible for Editor in 21.53 ms, found 0 plugins.
Preloading 0 native plugins for Editor in 0.00 ms.
Mono: successfully reloaded assembly
- Completed reload, in 15.644 seconds
Platform modules already initialized, skipping
Registering precompiled user dll's ...
Registered in 0.000593 seconds.
Begin MonoManager ReloadAssembly
Native extension for WindowsStandalone target not found
Native extension for WebGL target not found
Refreshing native plugins compatible for Editor in 21.03 ms, found 0 plugins.
Preloading 0 native plugins for Editor in 0.00 ms.
Mono: successfully reloaded assembly
- Completed reload, in  0.684 seconds
Platform modules already initialized, skipping
========================================================================
Worker process is ready to serve import requests
Launched and connected shader compiler UnityShaderCompiler.exe after 0.16 seconds
Refreshing native plugins compatible for Editor in 0.52 ms, found 0 plugins.
Preloading 0 native plugins for Editor in 0.00 ms.
Unloading 1538 Unused Serialized files (Serialized files now loaded: 0)
System memory in use before: 69.7 MB.
System memory in use after: 69.7 MB.

Unloading 12 unused Assets to reduce memory usage. Loaded Objects now: 1981.
Total: 82.427100 ms (FindLiveObjects: 0.163500 ms CreateObjectMapping: 0.042600 ms MarkObjects: 81.067900 ms  DeleteObjects: 1.148300 ms)

========================================================================
Received Import Request.
  path: Assets/Prefabs/UltravioletIntruder 1.prefab
  artifactKey: Guid(2b7e0223fdc300d4db3caa77b2dd484b) Importer(815301076,1909f56bfc062723c751e8b465ee728b)
Start importing Assets/Prefabs/UltravioletIntruder 1.prefab using Guid(2b7e0223fdc300d4db3caa77b2dd484b) Importer(815301076,1909f56bfc062723c751e8b465ee728b)  -> (artifact id: 'd4b4b0b832f8131b163ee09e1d75c22d') in 0.554444 seconds
  Import took 0.594125 seconds .

========================================================================
Received Import Request.
  Time since last request: 449.125941 seconds.
  path: Assets/Prefabs/UltravioletIntruder 1.prefab
  artifactKey: Guid(2b7e0223fdc300d4db3caa77b2dd484b) Importer(815301076,1909f56bfc062723c751e8b465ee728b)
Start importing Assets/Prefabs/UltravioletIntruder 1.prefab using Guid(2b7e0223fdc300d4db3caa77b2dd484b) Importer(815301076,1909f56bfc062723c751e8b465ee728b)  -> (artifact id: 'f94e8cf3062d37fd440e641d7ad55bd4') in 0.038401 seconds
  Import took 0.055992 seconds .

========================================================================
Received Import Request.
  Time since last request: 321.227933 seconds.
  path: Assets/Prefabs/Prefab 1.prefab
  artifactKey: Guid(edf149e676b6ead4db72bb2063d03da6) Importer(815301076,1909f56bfc062723c751e8b465ee728b)
Start importing Assets/Prefabs/Prefab 1.prefab using Guid(edf149e676b6ead4db72bb2063d03da6) Importer(815301076,1909f56bfc062723c751e8b465ee728b)  -> (artifact id: '74ad867ce5444acbe176a0314114c24f') in 0.026305 seconds
  Import took 0.030442 seconds .

========================================================================
Received Import Request.
  Time since last request: 0.004640 seconds.
  path: Assets/Prefabs/Prefab 1.prefab
  artifactKey: Guid(edf149e676b6ead4db72bb2063d03da6) Importer(815301076,1909f56bfc062723c751e8b465ee728b)
Start importing Assets/Prefabs/Prefab 1.prefab using Guid(edf149e676b6ead4db72bb2063d03da6) Importer(815301076,1909f56bfc062723c751e8b465ee728b)  -> (artifact id: '74ad867ce5444acbe176a0314114c24f') in 0.008217 seconds
  Import took 0.011077 seconds .

========================================================================
Received Import Request.
  Time since last request: 8.692373 seconds.
  path: Assets/Prefabs/Prefab 2.prefab
  artifactKey: Guid(2b7e0223fdc300d4db3caa77b2dd484b) Importer(815301076,1909f56bfc062723c751e8b465ee728b)
Start importing Assets/Prefabs/Prefab 2.prefab using Guid(2b7e0223fdc300d4db3caa77b2dd484b) Importer(815301076,1909f56bfc062723c751e8b465ee728b)  -> (artifact id: '6c88fbaa0810643eaab559693bfdd4c6') in 0.041281 seconds
  Import took 0.055563 seconds .

========================================================================
Received Import Request.
  Time since last request: 0.000558 seconds.
  path: Assets/Prefabs/Prefab 2.prefab
  artifactKey: Guid(2b7e0223fdc300d4db3caa77b2dd484b) Importer(815301076,1909f56bfc062723c751e8b465ee728b)
Start importing Assets/Prefabs/Prefab 2.prefab using Guid(2b7e0223fdc300d4db3caa77b2dd484b) Importer(815301076,1909f56bfc062723c751e8b465ee728b)  -> (artifact id: '6c88fbaa0810643eaab559693bfdd4c6') in 0.014008 seconds
  Import took 0.018159 seconds .

========================================================================
Received Import Request.
  Time since last request: 740.415023 seconds.
  path: Assets/Prefabs/Prefab 1.prefab
  artifactKey: Guid(edf149e676b6ead4db72bb2063d03da6) Importer(815301076,1909f56bfc062723c751e8b465ee728b)
Start importing Assets/Prefabs/Prefab 1.prefab using Guid(edf149e676b6ead4db72bb2063d03da6) Importer(815301076,1909f56bfc062723c751e8b465ee728b)  -> (artifact id: 'f400ddd203326b77959a7f85a3ebffe1') in 0.016722 seconds
  Import took 0.025448 seconds .

========================================================================
Received Import Request.
  Time since last request: 0.051002 seconds.
  path: Assets/Prefabs/Prefab 1.prefab
  artifactKey: Guid(edf149e676b6ead4db72bb2063d03da6) Importer(815301076,1909f56bfc062723c751e8b465ee728b)
Start importing Assets/Prefabs/Prefab 1.prefab using Guid(edf149e676b6ead4db72bb2063d03da6) Importer(815301076,1909f56bfc062723c751e8b465ee728b)  -> (artifact id: 'f400ddd203326b77959a7f85a3ebffe1') in 0.018988 seconds
  Import took 0.022267 seconds .

========================================================================
Received Import Request.
  Time since last request: 2.936664 seconds.
  path: Assets/Prefabs/Prefab 1.prefab
  artifactKey: Guid(edf149e676b6ead4db72bb2063d03da6) Importer(815301076,1909f56bfc062723c751e8b465ee728b)
Start importing Assets/Prefabs/Prefab 1.prefab using Guid(edf149e676b6ead4db72bb2063d03da6) Importer(815301076,1909f56bfc062723c751e8b465ee728b)  -> (artifact id: 'b3084a41304dab275f623dbbf4087592') in 0.012403 seconds
  Import took 0.021351 seconds .

========================================================================
Received Import Request.
  Time since last request: 0.014070 seconds.
  path: Assets/Prefabs/Prefab 1.prefab
  artifactKey: Guid(edf149e676b6ead4db72bb2063d03da6) Importer(815301076,1909f56bfc062723c751e8b465ee728b)
Start importing Assets/Prefabs/Prefab 1.prefab using Guid(edf149e676b6ead4db72bb2063d03da6) Importer(815301076,1909f56bfc062723c751e8b465ee728b)  -> (artifact id: 'b3084a41304dab275f623dbbf4087592') in 0.008690 seconds
  Import took 0.011068 seconds .

========================================================================
Received Import Request.
  Time since last request: 3.081866 seconds.
  path: Assets/Prefabs/Prefab 1.prefab
  artifactKey: Guid(edf149e676b6ead4db72bb2063d03da6) Importer(815301076,1909f56bfc062723c751e8b465ee728b)
Start importing Assets/Prefabs/Prefab 1.prefab using Guid(edf149e676b6ead4db72bb2063d03da6) Importer(815301076,1909f56bfc062723c751e8b465ee728b)  -> (artifact id: 'f0ea558340cf939a1abc86aec4dab6dc') in 0.010268 seconds
  Import took 0.013195 seconds .

========================================================================
Received Import Request.
  Time since last request: 0.069298 seconds.
  path: Assets/Prefabs/Prefab 1.prefab
  artifactKey: Guid(edf149e676b6ead4db72bb2063d03da6) Importer(815301076,1909f56bfc062723c751e8b465ee728b)
Start importing Assets/Prefabs/Prefab 1.prefab using Guid(edf149e676b6ead4db72bb2063d03da6) Importer(815301076,1909f56bfc062723c751e8b465ee728b)  -> (artifact id: 'f0ea558340cf939a1abc86aec4dab6dc') in 0.010522 seconds
  Import took 0.013634 seconds .

========================================================================
Received Prepare
Registering precompiled user dll's ...
Registered in 0.000873 seconds.
Begin MonoManager ReloadAssembly
Native extension for WindowsStandalone target not found
Native extension for WebGL target not found
Refreshing native plugins compatible for Editor in 0.70 ms, found 0 plugins.
Preloading 0 native plugins for Editor in 0.00 ms.
Mono: successfully reloaded assembly
- Completed reload, in  0.976 seconds
Platform modules already initialized, skipping
Switching build target platform(5) subTarget(0) extendedPlatform(0) -> platform(13) subTarget(589824) extendedPlatform(0)
Refreshing native plugins compatible for Editor in 0.26 ms, found 0 plugins.
Preloading 0 native plugins for Editor in 0.00 ms.
Unloading 1529 Unused Serialized files (Serialized files now loaded: 0)
System memory in use before: 72.4 MB.
System memory in use after: 72.5 MB.

Unloading 7 unused Assets to reduce memory usage. Loaded Objects now: 1992.
Total: 2.342900 ms (FindLiveObjects: 0.176000 ms CreateObjectMapping: 0.037100 ms MarkObjects: 1.987200 ms  DeleteObjects: 0.141300 ms)

AssetImportParameters requested are different than current active one (requested -> active):
  custom:graphics/normal-map-encoding: 01000000000000000000000000000000 -> 02000000000000000000000000000000
