Using pre-set license
Built from '2020.3/release' branch; Version is '2020.3.7f1 (dd97f2c94397) revision 14522354'; Using compiler version '192528614'; Build Type 'Release'
OS: 'Windows 10 Home; OS build 19041.985; Version 2004; 64bit' Language: 'nl' Physical Memory: 8013 MB
BatchMode: 1, IsHumanControllingUs: 0, StartBugReporterOnCrash: 0, Is64bit: 1, IsPro: 0

 COMMAND LINE ARGUMENTS:
D:\Unity\2020.3.7f1\Editor\Unity.exe
-adb2
-batchMode
-noUpm
-name
AssetImportWorker0
-projectPath
D:/Unity/AR Test/AR Plane Tracking
-logFile
Logs/AssetImportWorker0.log
-srvPort
50123
Successfully changed project path to: D:/Unity/AR Test/AR Plane Tracking
D:/Unity/AR Test/AR Plane Tracking
Using Asset Import Pipeline V2.
Refreshing native plugins compatible for Editor in 80.94 ms, found 0 plugins.
Preloading 0 native plugins for Editor in 0.00 ms.
Initialize engine version: 2020.3.7f1 (dd97f2c94397)
[Subsystems] Discovering subsystems at path D:/Unity/2020.3.7f1/Editor/Data/Resources/UnitySubsystems
[Subsystems] Discovering subsystems at path D:/Unity/AR Test/AR Plane Tracking/Assets
GfxDevice: creating device client; threaded=0
Direct3D:
    Version:  Direct3D 11.0 [level 11.1]
    Renderer: NVIDIA GeForce GTX 1650 (ID=0x1f99)
    Vendor:   
    VRAM:     3962 MB
    Driver:   27.21.14.6109
Initialize mono
Mono path[0] = 'D:/Unity/2020.3.7f1/Editor/Data/Managed'
Mono path[1] = 'D:/Unity/2020.3.7f1/Editor/Data/MonoBleedingEdge/lib/mono/unityjit'
Mono config path = 'D:/Unity/2020.3.7f1/Editor/Data/MonoBleedingEdge/etc'
Using monoOptions --debugger-agent=transport=dt_socket,embedding=1,server=y,suspend=n,address=127.0.0.1:56576
Begin MonoManager ReloadAssembly
Registering precompiled unity dll's ...
Register platform support module: D:/Unity/2020.3.7f1/Editor/Data/PlaybackEngines/WebGLSupport/UnityEditor.WebGL.Extensions.dll
Register platform support module: D:/Unity/2020.3.7f1/Editor/Data/PlaybackEngines/WindowsStandaloneSupport/UnityEditor.WindowsStandalone.Extensions.dll
Registered in 0.215518 seconds.
Native extension for WindowsStandalone target not found
Native extension for WebGL target not found
Refreshing native plugins compatible for Editor in 22.40 ms, found 0 plugins.
Preloading 0 native plugins for Editor in 0.00 ms.
Mono: successfully reloaded assembly
- Completed reload, in 14.019 seconds
Platform modules already initialized, skipping
Registering precompiled user dll's ...
Registered in 0.011019 seconds.
Begin MonoManager ReloadAssembly
Native extension for WindowsStandalone target not found
Native extension for WebGL target not found
Refreshing native plugins compatible for Editor in 24.62 ms, found 0 plugins.
Preloading 0 native plugins for Editor in 0.00 ms.
Mono: successfully reloaded assembly
- Completed reload, in  1.879 seconds
Platform modules already initialized, skipping
========================================================================
Worker process is ready to serve import requests
Launched and connected shader compiler UnityShaderCompiler.exe after 0.10 seconds
Refreshing native plugins compatible for Editor in 0.25 ms, found 0 plugins.
Preloading 0 native plugins for Editor in 0.00 ms.
Unloading 1538 Unused Serialized files (Serialized files now loaded: 0)
System memory in use before: 69.7 MB.
System memory in use after: 69.8 MB.

Unloading 11 unused Assets to reduce memory usage. Loaded Objects now: 1982.
Total: 1.763500 ms (FindLiveObjects: 0.184000 ms CreateObjectMapping: 0.083900 ms MarkObjects: 1.372800 ms  DeleteObjects: 0.121500 ms)

========================================================================
Received Import Request.
  path: Assets/Prefabs/Prefab 2.prefab
  artifactKey: Guid(2b7e0223fdc300d4db3caa77b2dd484b) Importer(815301076,1909f56bfc062723c751e8b465ee728b)
Start importing Assets/Prefabs/Prefab 2.prefab using Guid(2b7e0223fdc300d4db3caa77b2dd484b) Importer(815301076,1909f56bfc062723c751e8b465ee728b)  -> (artifact id: '2fd07726b1006a095d6273da3ed4821e') in 0.298636 seconds
  Import took 0.311352 seconds .

========================================================================
Received Import Request.
  Time since last request: 1.069723 seconds.
  path: Assets/Prefabs/Prefab 2.prefab
  artifactKey: Guid(2b7e0223fdc300d4db3caa77b2dd484b) Importer(815301076,1909f56bfc062723c751e8b465ee728b)
Start importing Assets/Prefabs/Prefab 2.prefab using Guid(2b7e0223fdc300d4db3caa77b2dd484b) Importer(815301076,1909f56bfc062723c751e8b465ee728b)  -> (artifact id: 'ced5f3c53b8cc30aa70e8acb32cbbbe9') in 0.020018 seconds
  Import took 0.033986 seconds .

========================================================================
Received Prepare
Refreshing native plugins compatible for Editor in 25.78 ms, found 0 plugins.
Preloading 0 native plugins for Editor in 0.00 ms.
Unloading 3 Unused Serialized files (Serialized files now loaded: 0)
System memory in use before: 42.0 MB.
System memory in use after: 42.1 MB.

Unloading 3 unused Assets to reduce memory usage. Loaded Objects now: 1989.
Total: 2.078100 ms (FindLiveObjects: 0.301100 ms CreateObjectMapping: 0.049300 ms MarkObjects: 1.650300 ms  DeleteObjects: 0.075800 ms)

========================================================================
Received Import Request.
  Time since last request: 1098.781205 seconds.
  path: Assets/Scripts/PlaneDetectionToggle.cs
  artifactKey: Guid(ab9498a81810f864b97ea9773710e51b) Importer(815301076,1909f56bfc062723c751e8b465ee728b)
Start importing Assets/Scripts/PlaneDetectionToggle.cs using Guid(ab9498a81810f864b97ea9773710e51b) Importer(815301076,1909f56bfc062723c751e8b465ee728b)  -> (artifact id: 'bf89bff0b89013fa9d5aac0bd8989d16') in 0.217227 seconds
  Import took 0.239535 seconds .

========================================================================
Received Prepare
Registering precompiled user dll's ...
Registered in 0.000671 seconds.
Begin MonoManager ReloadAssembly
Native extension for WindowsStandalone target not found
Native extension for WebGL target not found
Refreshing native plugins compatible for Editor in 0.28 ms, found 0 plugins.
Preloading 0 native plugins for Editor in 0.00 ms.
Mono: successfully reloaded assembly
- Completed reload, in  0.659 seconds
Platform modules already initialized, skipping
Switching build target platform(5) subTarget(0) extendedPlatform(0) -> platform(13) subTarget(589824) extendedPlatform(0)
Refreshing native plugins compatible for Editor in 0.26 ms, found 0 plugins.
Preloading 0 native plugins for Editor in 0.00 ms.
Unloading 1529 Unused Serialized files (Serialized files now loaded: 0)
System memory in use before: 72.3 MB.
System memory in use after: 72.4 MB.

Unloading 6 unused Assets to reduce memory usage. Loaded Objects now: 1994.
Total: 1.603800 ms (FindLiveObjects: 0.206700 ms CreateObjectMapping: 0.048800 ms MarkObjects: 1.302900 ms  DeleteObjects: 0.044400 ms)

AssetImportParameters requested are different than current active one (requested -> active):
  custom:graphics/normal-map-encoding: 01000000000000000000000000000000 -> 02000000000000000000000000000000
========================================================================
Received Prepare
Registering precompiled user dll's ...
Registered in 0.000527 seconds.
Begin MonoManager ReloadAssembly
Native extension for WindowsStandalone target not found
Native extension for WebGL target not found
Refreshing native plugins compatible for Editor in 0.26 ms, found 0 plugins.
Preloading 0 native plugins for Editor in 0.00 ms.
Mono: successfully reloaded assembly
- Completed reload, in  0.742 seconds
Platform modules already initialized, skipping
Switching build target platform(5) subTarget(0) extendedPlatform(0) -> platform(13) subTarget(589824) extendedPlatform(0)
Refreshing native plugins compatible for Editor in 0.26 ms, found 0 plugins.
Preloading 0 native plugins for Editor in 0.00 ms.
Unloading 1529 Unused Serialized files (Serialized files now loaded: 0)
System memory in use before: 72.3 MB.
System memory in use after: 72.4 MB.

Unloading 7 unused Assets to reduce memory usage. Loaded Objects now: 1997.
Total: 2.105200 ms (FindLiveObjects: 0.305600 ms CreateObjectMapping: 0.094900 ms MarkObjects: 1.609800 ms  DeleteObjects: 0.093700 ms)

AssetImportParameters requested are different than current active one (requested -> active):
  custom:graphics/normal-map-encoding: 01000000000000000000000000000000 -> 02000000000000000000000000000000
========================================================================
Received Prepare
Refreshing native plugins compatible for Editor in 0.60 ms, found 0 plugins.
Preloading 0 native plugins for Editor in 0.00 ms.
Unloading 4 Unused Serialized files (Serialized files now loaded: 0)
System memory in use before: 42.0 MB.
System memory in use after: 42.1 MB.

Unloading 3 unused Assets to reduce memory usage. Loaded Objects now: 1998.
Total: 1.860700 ms (FindLiveObjects: 0.152900 ms CreateObjectMapping: 0.070000 ms MarkObjects: 1.584600 ms  DeleteObjects: 0.051900 ms)

AssetImportWorkerClient::OnTransportError - code=2 error=End of file
