Using pre-set license

 COMMAND LINE ARGUMENTS:
/Applications/Unity/Hub/Editor/2020.3.8f1/Unity.app/Contents/MacOS/Unity
-adb2
-batchMode
-noUpm
-name
AssetImportWorker0
-projectPath
/Users/mich/cle4_groep19/Roll_a_ball
-logFile
Logs/AssetImportWorker0.log
-srvPort
58400
Successfully changed project path to: /Users/mich/cle4_groep19/Roll_a_ball
/Users/mich/cle4_groep19/Roll_a_ball
Using Asset Import Pipeline V2.
Refreshing native plugins compatible for Editor in 49.27 ms, found 2 plugins.
Preloading 0 native plugins for Editor in 0.00 ms.
Initialize engine version: 2020.3.8f1 (507919d4fff5)
[Subsystems] Discovering subsystems at path /Applications/Unity/Hub/Editor/2020.3.8f1/Unity.app/Contents/Resources/UnitySubsystems
[Subsystems] Discovering subsystems at path /Users/mich/cle4_groep19/Roll_a_ball/Assets
GfxDevice: creating device client; threaded=0
2021-06-10 14:00:45.270 Unity[2354:5240999] Color LCD preferred device: Intel(R) UHD Graphics 617 (low power)
2021-06-10 14:00:45.270 Unity[2354:5240999] Metal devices available: 1
2021-06-10 14:00:45.270 Unity[2354:5240999] 0: Intel(R) UHD Graphics 617 (low power)
2021-06-10 14:00:45.271 Unity[2354:5240999] Using device Intel(R) UHD Graphics 617 (low power)
Initializing Metal device caps: Intel(R) UHD Graphics 617
Initialize mono
Mono path[0] = '/Applications/Unity/Hub/Editor/2020.3.8f1/Unity.app/Contents/Managed'
Mono path[1] = '/Applications/Unity/Hub/Editor/2020.3.8f1/Unity.app/Contents/MonoBleedingEdge/lib/mono/unityjit'
Mono config path = '/Applications/Unity/Hub/Editor/2020.3.8f1/Unity.app/Contents/MonoBleedingEdge/etc'
Using monoOptions --debugger-agent=transport=dt_socket,embedding=1,server=y,suspend=n,address=127.0.0.1:56354
Begin MonoManager ReloadAssembly
Registering precompiled unity dll's ...
Register platform support module: /Applications/Unity/Hub/Editor/2020.3.8f1/Unity.app/Contents/PlaybackEngines/MacStandaloneSupport/UnityEditor.OSXStandalone.Extensions.dll
Registered in 0.005683 seconds.
Native extension for OSXStandalone target not found
Refreshing native plugins compatible for Editor in 52.52 ms, found 2 plugins.
Preloading 0 native plugins for Editor in 0.00 ms.
Mono: successfully reloaded assembly
- Completed reload, in  7.951 seconds
Platform modules already initialized, skipping
Registering precompiled user dll's ...
Registered in 0.009500 seconds.
Begin MonoManager ReloadAssembly
Native extension for OSXStandalone target not found
Refreshing native plugins compatible for Editor in 0.35 ms, found 2 plugins.
Preloading 0 native plugins for Editor in 0.00 ms.
Mono: successfully reloaded assembly
- Completed reload, in  1.819 seconds
Platform modules already initialized, skipping
========================================================================
Worker process is ready to serve import requests
Launching external process: /Applications/Unity/Hub/Editor/2020.3.8f1/Unity.app/Contents/Tools/UnityShaderCompiler
Launched and connected shader compiler UnityShaderCompiler after 0.02 seconds
Refreshing native plugins compatible for Editor in 0.35 ms, found 2 plugins.
Preloading 0 native plugins for Editor in 0.00 ms.
Unloading 1390 Unused Serialized files (Serialized files now loaded: 0)
System memory in use before: 137.4 MB.
System memory in use after: 137.5 MB.

Unloading 19 unused Assets to reduce memory usage. Loaded Objects now: 1824.
Total: 2.952126 ms (FindLiveObjects: 0.375249 ms CreateObjectMapping: 0.091840 ms MarkObjects: 2.347484 ms  DeleteObjects: 0.135770 ms)

========================================================================
Received Prepare
Registering precompiled user dll's ...
Registered in 0.005012 seconds.
Begin MonoManager ReloadAssembly
Native extension for OSXStandalone target not found
Refreshing native plugins compatible for Editor in 0.58 ms, found 2 plugins.
Preloading 0 native plugins for Editor in 0.00 ms.
Mono: successfully reloaded assembly
- Completed reload, in  3.922 seconds
Platform modules already initialized, skipping
Refreshing native plugins compatible for Editor in 0.37 ms, found 2 plugins.
Preloading 0 native plugins for Editor in 0.00 ms.
Unloading 1385 Unused Serialized files (Serialized files now loaded: 0)
System memory in use before: 137.6 MB.
System memory in use after: 137.7 MB.

Unloading 14 unused Assets to reduce memory usage. Loaded Objects now: 1827.
Total: 3.728713 ms (FindLiveObjects: 0.296651 ms CreateObjectMapping: 0.252858 ms MarkObjects: 3.055237 ms  DeleteObjects: 0.122644 ms)

========================================================================
Received Prepare
Registering precompiled user dll's ...
Registered in 0.004639 seconds.
Begin MonoManager ReloadAssembly
Native extension for OSXStandalone target not found
Refreshing native plugins compatible for Editor in 0.52 ms, found 2 plugins.
Preloading 0 native plugins for Editor in 0.00 ms.
Mono: successfully reloaded assembly
- Completed reload, in  1.670 seconds
Platform modules already initialized, skipping
Refreshing native plugins compatible for Editor in 0.50 ms, found 2 plugins.
Preloading 0 native plugins for Editor in 0.00 ms.
Unloading 1385 Unused Serialized files (Serialized files now loaded: 0)
System memory in use before: 137.8 MB.
System memory in use after: 137.9 MB.

Unloading 14 unused Assets to reduce memory usage. Loaded Objects now: 1830.
Total: 2.155208 ms (FindLiveObjects: 0.185117 ms CreateObjectMapping: 0.055024 ms MarkObjects: 1.842390 ms  DeleteObjects: 0.071316 ms)

========================================================================
Received Import Request.
  path: Assets/Materials
  artifactKey: Guid(ebea228b52ccc4804af085bb77940bda) Importer(815301076,1909f56bfc062723c751e8b465ee728b)
Start importing Assets/Materials using Guid(ebea228b52ccc4804af085bb77940bda) Importer(815301076,1909f56bfc062723c751e8b465ee728b)  -> (artifact id: '0564d92acb27d7a56e4beb99f982adcb') in 0.009248 seconds
  Import took 0.014423 seconds .

========================================================================
Received Import Request.
  Time since last request: 40.709832 seconds.
  path: Assets/Scripts
  artifactKey: Guid(0d245fcd0b9324dd994fcf8d4bf1b86b) Importer(815301076,1909f56bfc062723c751e8b465ee728b)
Start importing Assets/Scripts using Guid(0d245fcd0b9324dd994fcf8d4bf1b86b) Importer(815301076,1909f56bfc062723c751e8b465ee728b)  -> (artifact id: '56929a207c17c3d313e57111421d0490') in 0.001975 seconds
  Import took 0.008231 seconds .

========================================================================
Received Prepare
Registering precompiled user dll's ...
Registered in 0.010811 seconds.
Begin MonoManager ReloadAssembly
Native extension for OSXStandalone target not found
Refreshing native plugins compatible for Editor in 0.67 ms, found 2 plugins.
Preloading 0 native plugins for Editor in 0.00 ms.
Mono: successfully reloaded assembly
- Completed reload, in  2.032 seconds
Platform modules already initialized, skipping
Refreshing native plugins compatible for Editor in 0.74 ms, found 2 plugins.
Preloading 0 native plugins for Editor in 0.00 ms.
Unloading 1385 Unused Serialized files (Serialized files now loaded: 0)
System memory in use before: 138.1 MB.
System memory in use after: 138.2 MB.

Unloading 14 unused Assets to reduce memory usage. Loaded Objects now: 1833.
Total: 3.298003 ms (FindLiveObjects: 0.380729 ms CreateObjectMapping: 0.078246 ms MarkObjects: 2.667126 ms  DeleteObjects: 0.170125 ms)

