Using pre-set license

 COMMAND LINE ARGUMENTS:
/Applications/Unity/Hub/Editor/2020.3.8f1/Unity.app/Contents/MacOS/Unity
-adb2
-batchMode
-noUpm
-name
AssetImportWorker0
-projectPath
/Users/mich/cle4_groep19/AR Game
-logFile
Logs/AssetImportWorker0.log
-srvPort
49768
Successfully changed project path to: /Users/mich/cle4_groep19/AR Game
/Users/mich/cle4_groep19/AR Game
Using Asset Import Pipeline V2.
Refreshing native plugins compatible for Editor in 89.72 ms, found 1 plugins.
Preloading 0 native plugins for Editor in 0.00 ms.
Initialize engine version: 2020.3.8f1 (507919d4fff5)
[Subsystems] Discovering subsystems at path /Applications/Unity/Hub/Editor/2020.3.8f1/Unity.app/Contents/Resources/UnitySubsystems
[Subsystems] Discovering subsystems at path /Users/mich/cle4_groep19/AR Game/Assets
GfxDevice: creating device client; threaded=0
2021-06-16 12:45:49.515 Unity[4505:74660] Color LCD preferred device: Intel(R) UHD Graphics 617 (low power)
2021-06-16 12:45:49.515 Unity[4505:74660] Metal devices available: 1
2021-06-16 12:45:49.515 Unity[4505:74660] 0: Intel(R) UHD Graphics 617 (low power)
2021-06-16 12:45:49.516 Unity[4505:74660] Using device Intel(R) UHD Graphics 617 (low power)
Initializing Metal device caps: Intel(R) UHD Graphics 617
Initialize mono
Mono path[0] = '/Applications/Unity/Hub/Editor/2020.3.8f1/Unity.app/Contents/Managed'
Mono path[1] = '/Applications/Unity/Hub/Editor/2020.3.8f1/Unity.app/Contents/MonoBleedingEdge/lib/mono/unityjit'
Mono config path = '/Applications/Unity/Hub/Editor/2020.3.8f1/Unity.app/Contents/MonoBleedingEdge/etc'
Using monoOptions --debugger-agent=transport=dt_socket,embedding=1,server=y,suspend=n,address=127.0.0.1:56505
Begin MonoManager ReloadAssembly
Registering precompiled unity dll's ...
Register platform support module: /Applications/Unity/Hub/Editor/2020.3.8f1/Unity.app/Contents/PlaybackEngines/MacStandaloneSupport/UnityEditor.OSXStandalone.Extensions.dll
Registered in 0.003994 seconds.
Native extension for OSXStandalone target not found
Refreshing native plugins compatible for Editor in 60.73 ms, found 1 plugins.
Preloading 0 native plugins for Editor in 0.00 ms.
Mono: successfully reloaded assembly
- Completed reload, in  5.821 seconds
Platform modules already initialized, skipping
Registering precompiled user dll's ...
Registered in 0.002260 seconds.
Begin MonoManager ReloadAssembly
Native extension for OSXStandalone target not found
Refreshing native plugins compatible for Editor in 0.38 ms, found 1 plugins.
Preloading 0 native plugins for Editor in 0.00 ms.
Mono: successfully reloaded assembly
- Completed reload, in  1.541 seconds
Platform modules already initialized, skipping
========================================================================
Worker process is ready to serve import requests
Launching external process: /Applications/Unity/Hub/Editor/2020.3.8f1/Unity.app/Contents/Tools/UnityShaderCompiler
Launched and connected shader compiler UnityShaderCompiler after 0.03 seconds
Refreshing native plugins compatible for Editor in 0.43 ms, found 1 plugins.
Preloading 0 native plugins for Editor in 0.00 ms.
Unloading 1468 Unused Serialized files (Serialized files now loaded: 0)
System memory in use before: 125.8 MB.
System memory in use after: 125.9 MB.

Unloading 12 unused Assets to reduce memory usage. Loaded Objects now: 1910.
Total: 3.048910 ms (FindLiveObjects: 0.260513 ms CreateObjectMapping: 0.072542 ms MarkObjects: 2.550658 ms  DeleteObjects: 0.163198 ms)

========================================================================
Received Import Request.
  path: Assets/Prefabs/Cube.prefab
  artifactKey: Guid(ec809bbdf84219544bcae12c57c1bbc2) Importer(815301076,1909f56bfc062723c751e8b465ee728b)
Start importing Assets/Prefabs/Cube.prefab using Guid(ec809bbdf84219544bcae12c57c1bbc2) Importer(815301076,1909f56bfc062723c751e8b465ee728b)  -> (artifact id: 'ae05093f37a5b09cb24804c04b5b83a7') in 2.283490 seconds
  Import took 2.289048 seconds .

========================================================================
Received Import Request.
  Time since last request: 0.000384 seconds.
  path: Packages/com.unity.xr.arfoundation/Materials/DebugPlane.mat
  artifactKey: Guid(f1a110d32af21aa4d872c707dfcc6043) Importer(815301076,1909f56bfc062723c751e8b465ee728b)
Start importing Packages/com.unity.xr.arfoundation/Materials/DebugPlane.mat using Guid(f1a110d32af21aa4d872c707dfcc6043) Importer(815301076,1909f56bfc062723c751e8b465ee728b)  -> (artifact id: '805e492e2201b89d987abbba9da7e69f') in 1.930244 seconds
  Import took 1.937355 seconds .

========================================================================
Received Import Request.
  Time since last request: 0.000440 seconds.
  path: Packages/com.unity.xr.arfoundation/Materials/DebugFace.mat
  artifactKey: Guid(35bd980c8f2234e3d8b640e25a677d65) Importer(815301076,1909f56bfc062723c751e8b465ee728b)
Start importing Packages/com.unity.xr.arfoundation/Materials/DebugFace.mat using Guid(35bd980c8f2234e3d8b640e25a677d65) Importer(815301076,1909f56bfc062723c751e8b465ee728b)  -> (artifact id: '230c876313eb0ef53a6e32814b76ffec') in 0.270023 seconds
  Import took 0.275602 seconds .

========================================================================
Received Import Request.
  Time since last request: 6.197671 seconds.
  path: Assets/Prefabs/Cube.prefab
  artifactKey: Guid(ec809bbdf84219544bcae12c57c1bbc2) Importer(815301076,1909f56bfc062723c751e8b465ee728b)
Start importing Assets/Prefabs/Cube.prefab using Guid(ec809bbdf84219544bcae12c57c1bbc2) Importer(815301076,1909f56bfc062723c751e8b465ee728b)  -> (artifact id: 'c87f324766ca3498cd60c4499aec75a1') in 0.015085 seconds
  Import took 0.022494 seconds .

