Using pre-set license

 COMMAND LINE ARGUMENTS:
/Applications/Unity/Hub/Editor/2020.3.8f1/Unity.app/Contents/MacOS/Unity
-adb2
-batchMode
-noUpm
-name
AssetImportWorker0
-projectPath
/Users/mich/cle4_groep19/AR Game
-logFile
Logs/AssetImportWorker0.log
-srvPort
58567
Successfully changed project path to: /Users/mich/cle4_groep19/AR Game
/Users/mich/cle4_groep19/AR Game
Using Asset Import Pipeline V2.
Refreshing native plugins compatible for Editor in 44.10 ms, found 1 plugins.
Preloading 0 native plugins for Editor in 0.00 ms.
Initialize engine version: 2020.3.8f1 (507919d4fff5)
[Subsystems] Discovering subsystems at path /Applications/Unity/Hub/Editor/2020.3.8f1/Unity.app/Contents/Resources/UnitySubsystems
[Subsystems] Discovering subsystems at path /Users/mich/cle4_groep19/AR Game/Assets
GfxDevice: creating device client; threaded=0
2021-06-10 14:07:00.675 Unity[2609:5253441] Color LCD preferred device: Intel(R) UHD Graphics 617 (low power)
2021-06-10 14:07:00.675 Unity[2609:5253441] Metal devices available: 1
2021-06-10 14:07:00.675 Unity[2609:5253441] 0: Intel(R) UHD Graphics 617 (low power)
2021-06-10 14:07:00.676 Unity[2609:5253441] Using device Intel(R) UHD Graphics 617 (low power)
Initializing Metal device caps: Intel(R) UHD Graphics 617
Initialize mono
Mono path[0] = '/Applications/Unity/Hub/Editor/2020.3.8f1/Unity.app/Contents/Managed'
Mono path[1] = '/Applications/Unity/Hub/Editor/2020.3.8f1/Unity.app/Contents/MonoBleedingEdge/lib/mono/unityjit'
Mono config path = '/Applications/Unity/Hub/Editor/2020.3.8f1/Unity.app/Contents/MonoBleedingEdge/etc'
Using monoOptions --debugger-agent=transport=dt_socket,embedding=1,server=y,suspend=n,address=127.0.0.1:56609
Begin MonoManager ReloadAssembly
Registering precompiled unity dll's ...
Register platform support module: /Applications/Unity/Hub/Editor/2020.3.8f1/Unity.app/Contents/PlaybackEngines/MacStandaloneSupport/UnityEditor.OSXStandalone.Extensions.dll
Registered in 0.004730 seconds.
Native extension for OSXStandalone target not found
Refreshing native plugins compatible for Editor in 37.71 ms, found 1 plugins.
Preloading 0 native plugins for Editor in 0.00 ms.
Mono: successfully reloaded assembly
- Completed reload, in  4.228 seconds
Platform modules already initialized, skipping
Registering precompiled user dll's ...
Registered in 0.001815 seconds.
Begin MonoManager ReloadAssembly
Native extension for OSXStandalone target not found
Refreshing native plugins compatible for Editor in 0.41 ms, found 1 plugins.
Preloading 0 native plugins for Editor in 0.00 ms.
Mono: successfully reloaded assembly
- Completed reload, in  2.746 seconds
Platform modules already initialized, skipping
========================================================================
Worker process is ready to serve import requests
Launching external process: /Applications/Unity/Hub/Editor/2020.3.8f1/Unity.app/Contents/Tools/UnityShaderCompiler
Launched and connected shader compiler UnityShaderCompiler after 0.02 seconds
Refreshing native plugins compatible for Editor in 0.35 ms, found 1 plugins.
Preloading 0 native plugins for Editor in 0.00 ms.
Unloading 1465 Unused Serialized files (Serialized files now loaded: 0)
System memory in use before: 125.7 MB.
System memory in use after: 125.8 MB.

Unloading 12 unused Assets to reduce memory usage. Loaded Objects now: 1907.
Total: 3.418103 ms (FindLiveObjects: 0.195836 ms CreateObjectMapping: 0.058684 ms MarkObjects: 2.771181 ms  DeleteObjects: 0.390774 ms)

========================================================================
Received Import Request.
  path: Assets/Prefabs/Cube.prefab
  artifactKey: Guid(ec809bbdf84219544bcae12c57c1bbc2) Importer(815301076,1909f56bfc062723c751e8b465ee728b)
Start importing Assets/Prefabs/Cube.prefab using Guid(ec809bbdf84219544bcae12c57c1bbc2) Importer(815301076,1909f56bfc062723c751e8b465ee728b)  -> (artifact id: 'eef06a1bd80bbd9a5820f57a58268b38') in 1.590887 seconds
  Import took 1.597172 seconds .

========================================================================
Received Prepare
Registering precompiled user dll's ...
Registered in 0.000659 seconds.
Begin MonoManager ReloadAssembly
Native extension for OSXStandalone target not found
Refreshing native plugins compatible for Editor in 0.35 ms, found 1 plugins.
Preloading 0 native plugins for Editor in 0.00 ms.
Mono: successfully reloaded assembly
- Completed reload, in  1.209 seconds
Platform modules already initialized, skipping
Switching build target platform(2) subTarget(0) extendedPlatform(0) -> platform(13) subTarget(589824) extendedPlatform(0)
Refreshing native plugins compatible for Editor in 0.38 ms, found 1 plugins.
Preloading 0 native plugins for Editor in 0.00 ms.
Unloading 1459 Unused Serialized files (Serialized files now loaded: 0)
System memory in use before: 133.3 MB.
System memory in use after: 133.3 MB.

Unloading 8 unused Assets to reduce memory usage. Loaded Objects now: 1919.
Total: 3.071774 ms (FindLiveObjects: 0.469585 ms CreateObjectMapping: 0.108886 ms MarkObjects: 2.390282 ms  DeleteObjects: 0.101554 ms)

AssetImportParameters requested are different than current active one (requested -> active):
  custom:graphics/normal-map-encoding: 01000000000000000000000000000000 -> 02000000000000000000000000000000
========================================================================
Received Import Request.
  Time since last request: 125.100463 seconds.
  path: Assets/Scripts/ObjectSound.cs
  artifactKey: Guid(c6257016257f447abbf67073377a5db0) Importer(815301076,1909f56bfc062723c751e8b465ee728b)
Start importing Assets/Scripts/ObjectSound.cs using Guid(c6257016257f447abbf67073377a5db0) Importer(815301076,1909f56bfc062723c751e8b465ee728b)  -> (artifact id: 'a9f5e716fe7aa16801a1bf0cec8a8296') in 0.579196 seconds
  Import took 0.583826 seconds .

AssetImportWorkerClient::OnTransportError - code=2 error=End of file
